<?xml version="1.0" encoding="UTF-8"?>
<testng-results ignored="0" total="1" passed="1" failed="0" skipped="0">
  <reporter-output>
  </reporter-output>
  <suite started-at="2022-07-28T20:53:02 CEST" name="Default suite" finished-at="2022-07-28T20:53:18 CEST" duration-ms="16500">
    <groups>
    </groups>
    <test started-at="2022-07-28T20:53:02 CEST" name="Default test" finished-at="2022-07-28T20:53:18 CEST" duration-ms="16500">
      <class name="XM.XM_Project.UserInteractionsTest">
        <test-method is-config="true" signature="DriverInitialize()[pri:0, instance:XM.XM_Project.UserInteractionsTest@3527942a]" started-at="2022-07-28T20:53:02 CEST" name="DriverInitialize" finished-at="2022-07-28T20:53:04 CEST" duration-ms="2521" status="PASS">
          <reporter-output>
          </reporter-output>
        </test-method> <!-- DriverInitialize -->
        <test-method signature="UserInteractionsTesting()[pri:0, instance:XM.XM_Project.UserInteractionsTest@3527942a]" started-at="2022-07-28T20:53:04 CEST" name="UserInteractionsTesting" finished-at="2022-07-28T20:53:18 CEST" duration-ms="13535" status="PASS">
          <reporter-output>
          </reporter-output>
        </test-method> <!-- UserInteractionsTesting -->
        <test-method is-config="true" signature="TearDown()[pri:0, instance:XM.XM_Project.UserInteractionsTest@3527942a]" started-at="2022-07-28T20:53:18 CEST" name="TearDown" finished-at="2022-07-28T20:53:18 CEST" duration-ms="390" status="PASS">
          <reporter-output>
          </reporter-output>
        </test-method> <!-- TearDown -->
      </class> <!-- XM.XM_Project.UserInteractionsTest -->
    </test> <!-- Default test -->
  </suite> <!-- Default suite -->
</testng-results>
